Running: /opt/Xilinx/14.7/ISE_DS/ISE/bin/lin64/unwrapped/fuse -intstyle ise -incremental -lib secureip -o /home/sd/Documents/Circuitos_Combinacionais/Somador_Completo_4_bits_isim_beh.exe -prj /home/sd/Documents/Circuitos_Combinacionais/Somador_Completo_4_bits_beh.prj work.Somador_Completo_4_bits 
ISim P.20131013 (signature 0xfbc00daa)
Number of CPUs detected in this system: 4
Turning on mult-threading, number of parallel sub-compilation jobs: 8 
Determining compilation order of HDL files
Parsing VHDL file "/home/sd/Documents/Circuitos_Combinacionais/Xor_Port.vhd" into library work
Parsing VHDL file "/home/sd/Documents/Circuitos_Combinacionais/Or_Port_3.vhd" into library work
Parsing VHDL file "/home/sd/Documents/Circuitos_Combinacionais/And_Port.vhd" into library work
Parsing VHDL file "/home/sd/Documents/Circuitos_Combinacionais/Somador_Completo_1_bit.vhd" into library work
Parsing VHDL file "/home/sd/Documents/Circuitos_Combinacionais/Somador_Completo_4_bits.vhd" into library work
Starting static elaboration
Completed static elaboration
Fuse Memory Usage: 94392 KB
Fuse CPU Usage: 1100 ms
Compiling package standard
Compiling package std_logic_1164
Compiling architecture behavioral of entity Xor_Port [xor_port_default]
Compiling architecture behavioral of entity And_Port [and_port_default]
Compiling architecture behavioral of entity Or_Port_3 [or_port_3_default]
Compiling architecture structural of entity Somador_Completo_1_bit [somador_completo_1_bit_default]
Compiling architecture structural of entity somador_completo_4_bits
Time Resolution for simulation is 1ps.
Waiting for 1 sub-compilation(s) to finish...
Compiled 11 VHDL Units
Built simulation executable /home/sd/Documents/Circuitos_Combinacionais/Somador_Completo_4_bits_isim_beh.exe
Fuse Memory Usage: 658008 KB
Fuse CPU Usage: 1130 ms
GCC CPU Usage: 280 ms
