Command line:
   Xor_Port_isim_beh.exe
     -simmode  gui
     -simrunnum  0
     -socket  54905

Fri Mar 28 16:44:36 2025


 Elaboration Time: 0.06 sec

 Current Memory Usage: 221.417 Meg

 Total Signals          : 20
 Total Nets             : 7
 Total Signal Drivers   : 5
 Total Blocks           : 7
 Total Primitive Blocks : 6
 Total Processes        : 5
 Total Traceable Variables  : 8
 Total Scalar Nets and Variables : 367
Total Line Count : 5

 Total Simulation Time: 0.11 sec

 Current Memory Usage: 299.016 Meg

Fri Mar 28 16:46:15 2025

