Command line:
   Somador_Completo_2_bits_isim_beh.exe
     -simmode  gui
     -simrunnum  1
     -socket  56474

Fri Apr 25 16:45:35 2025


 Elaboration Time: 0.06 sec

 Current Memory Usage: 221.499 Meg

 Total Signals          : 62
 Total Nets             : 17
 Total Signal Drivers   : 12
 Total Blocks           : 16
 Total Primitive Blocks : 13
 Total Processes        : 12
 Total Traceable Variables  : 8
 Total Scalar Nets and Variables : 377
Total Line Count : 12

 Total Simulation Time: 0.08 sec

 Current Memory Usage: 299.098 Meg

Fri Apr 25 16:46:49 2025

