Command line:
   And_Or_Not_Port_isim_beh.exe
     -simmode  gui
     -simrunnum  0
     -socket  40554

Fri Mar 28 16:15:17 2025


 Elaboration Time: 0.07 sec

 Current Memory Usage: 221.417 Meg

 Total Signals          : 13
 Total Nets             : 5
 Total Signal Drivers   : 3
 Total Blocks           : 5
 Total Primitive Blocks : 4
 Total Processes        : 3
 Total Traceable Variables  : 8
 Total Scalar Nets and Variables : 365
Total Line Count : 3

 Total Simulation Time: 0.12 sec

 Current Memory Usage: 299.016 Meg

Fri Mar 28 16:18:12 2025

