Command line:
   Not_Port_isim_beh.exe
     -simmode  gui
     -simrunnum  0
     -socket  44172

Fri Mar 28 16:02:58 2025


 Elaboration Time: 0.07 sec

 Current Memory Usage: 221.417 Meg

 Total Signals          : 2
 Total Nets             : 2
 Total Signal Drivers   : 1
 Total Blocks           : 2
 Total Primitive Blocks : 2
 Total Processes        : 1
 Total Traceable Variables  : 8
 Total Scalar Nets and Variables : 362
Total Line Count : 1

 Total Simulation Time: 0.09 sec

 Current Memory Usage: 299.016 Meg

Fri Mar 28 16:03:41 2025

