Command line:
   Somador_Completo_1_bit_isim_beh.exe
     -simmode  gui
     -simrunnum  1
     -socket  35380

Fri Apr 25 16:36:31 2025


 Elaboration Time: 0.07 sec

 Current Memory Usage: 221.503 Meg

 Total Signals          : 28
 Total Nets             : 9
 Total Signal Drivers   : 6
 Total Blocks           : 8
 Total Primitive Blocks : 7
 Total Processes        : 6
 Total Traceable Variables  : 8
 Total Scalar Nets and Variables : 369
Total Line Count : 6

 Total Simulation Time: 0.1 sec

 Current Memory Usage: 299.102 Meg

Fri Apr 25 16:37:01 2025

