Command line:
   FF_RS_Clock_isim_beh.exe
     -simmode  gui
     -simrunnum  0
     -socket  36178

Fri May  9 15:38:23 2025


 Elaboration Time: 0.02 sec

 Current Memory Usage: 195.351 Meg

 Total Signals          : 9
 Total Nets             : 9
 Total Signal Drivers   : 6
 Total Blocks           : 2
 Total Primitive Blocks : 2
 Total Processes        : 5
 Total Traceable Variables  : 8
 Total Scalar Nets and Variables : 369
Total Line Count : 7

 Total Simulation Time: 0.09 sec

 Current Memory Usage: 272.949 Meg

Fri May  9 15:47:15 2025

