ISim log file
Running: /home/sd/ULA_Gabriel_Joao/ULA_4_bits_isim_beh.exe -intstyle ise -gui -tclbatch isim.cmd -wdb /home/sd/ULA_Gabriel_Joao/ULA_4_bits_isim_beh.wdb 
INFO: There is another simulation running in the same directory. Using database file name isim1.wdb.
ISim P.20131013 (signature 0xfbc00daa)
WARNING: A WEBPACK license was found.
WARNING: Please use Xilinx License Configuration Manager to check out a full ISim license.
WARNING: ISim will run in Lite mode. Please refer to the ISim documentation for more information on the differences between the Lite and the Full version.
This is a Lite version of ISim.
Time resolution is 1 ps
# onerror resume
# wave add /
# run 1000 ns
Simulator is doing circuit initialization process.
Finished circuit initialization process.
# isim force add /ula_4_bits/clk 0 -radix bin -value 1 -radix bin -time 500 ns -repeat 1 us
# isim force add /ula_4_bits/clk 0 -radix bin -value 1 -radix bin -time 500 ns -repeat 1 us
# isim force add /ula_4_bits/x 0111 -radix bin
# isim force add /ula_4_bits/x 0111 -radix bin
# isim force add /ula_4_bits/y 0001 -radix bin
# isim force add /ula_4_bits/y 0001 -radix bin
# isim force add /ula_4_bits/cin 0 -radix bin
# isim force add /ula_4_bits/cin 0 -radix bin
# isim force add /ula_4_bits/f0 1 -radix bin
# isim force add /ula_4_bits/f0 1 -radix bin
# isim force add /ula_4_bits/f1 1 -radix bin
# isim force add /ula_4_bits/f1 1 -radix bin
# run 1.00us
# run 1.00us
# exit 0
