Command line:
   Reg_Paralelo_2_Bits_isim_beh.exe
     -simmode  gui
     -simrunnum  0
     -socket  37489

Fri May  9 16:31:03 2025


 Elaboration Time: 0.06 sec

 Current Memory Usage: 221.413 Meg

 Total Signals          : 16
 Total Nets             : 11
 Total Signal Drivers   : 8
 Total Blocks           : 4
 Total Primitive Blocks : 3
 Total Processes        : 6
 Total Traceable Variables  : 8
 Total Scalar Nets and Variables : 371
Total Line Count : 10

 Total Simulation Time: 0.08 sec

 Current Memory Usage: 299.012 Meg

Fri May  9 16:32:26 2025

