Command line:
   Xor_Port_isim_beh.exe
     -simmode  gui
     -simrunnum  0
     -socket  39962

Fri Apr 25 16:02:05 2025


 Elaboration Time: 0.06 sec

 Current Memory Usage: 221.503 Meg

 Total Signals          : 3
 Total Nets             : 3
 Total Signal Drivers   : 1
 Total Blocks           : 2
 Total Primitive Blocks : 2
 Total Processes        : 1
 Total Traceable Variables  : 8
 Total Scalar Nets and Variables : 363
Total Line Count : 1

 Total Simulation Time: 0.07 sec

 Current Memory Usage: 299.102 Meg

Fri Apr 25 16:02:07 2025

