Command line:
   Or_Port_isim_beh.exe
     -simmode  gui
     -simrunnum  0
     -socket  49686

Fri Mar 28 16:00:34 2025


 Elaboration Time: 0.06 sec

 Current Memory Usage: 221.417 Meg

 Total Signals          : 3
 Total Nets             : 3
 Total Signal Drivers   : 1
 Total Blocks           : 2
 Total Primitive Blocks : 2
 Total Processes        : 1
 Total Traceable Variables  : 8
 Total Scalar Nets and Variables : 363
Total Line Count : 1

 Total Simulation Time: 0.09 sec

 Current Memory Usage: 299.016 Meg

Fri Mar 28 16:01:57 2025

