Command line:
   Meio_Somador_isim_beh.exe
     -simmode  gui
     -simrunnum  0
     -socket  57424

Fri Apr 25 16:02:13 2025


 Elaboration Time: 0.07 sec

 Current Memory Usage: 221.503 Meg

 Total Signals          : 4
 Total Nets             : 4
 Total Signal Drivers   : 2
 Total Blocks           : 2
 Total Primitive Blocks : 2
 Total Processes        : 2
 Total Traceable Variables  : 8
 Total Scalar Nets and Variables : 364
Total Line Count : 2

 Total Simulation Time: 0.11 sec

 Current Memory Usage: 299.102 Meg

Fri Apr 25 16:04:02 2025

