Command line:
   And_Port_isim_beh.exe
     -simmode  gui
     -simrunnum  0
     -socket  47299

Fri Mar 28 15:53:42 2025


 Elaboration Time: 0.06 sec

 Current Memory Usage: 221.422 Meg

 Total Signals          : 3
 Total Nets             : 3
 Total Signal Drivers   : 1
 Total Blocks           : 2
 Total Primitive Blocks : 2
 Total Processes        : 1
 Total Traceable Variables  : 8
 Total Scalar Nets and Variables : 363
Total Line Count : 1

 Total Simulation Time: 0.09 sec

 Current Memory Usage: 299.02 Meg

Fri Mar 28 15:57:55 2025

