Command line:
   Circuito_Combinacional_2_isim_beh.exe
     -simmode  gui
     -simrunnum  0
     -socket  46730

Fri Mar 28 16:30:49 2025


 Elaboration Time: 0.06 sec

 Current Memory Usage: 221.426 Meg

 Total Signals          : 14
 Total Nets             : 6
 Total Signal Drivers   : 3
 Total Blocks           : 5
 Total Primitive Blocks : 4
 Total Processes        : 3
 Total Traceable Variables  : 8
 Total Scalar Nets and Variables : 366
Total Line Count : 3

 Total Simulation Time: 0.1 sec

 Current Memory Usage: 299.024 Meg

Fri Mar 28 16:32:28 2025

