Command line:
   Reg_Serial_2_Bits_isim_beh.exe
     -simmode  gui
     -simrunnum  0
     -socket  39957

Fri May  9 16:38:29 2025


 Elaboration Time: 0.06 sec

 Current Memory Usage: 221.426 Meg

 Total Signals          : 20
 Total Nets             : 14
 Total Signal Drivers   : 10
 Total Blocks           : 4
 Total Primitive Blocks : 3
 Total Processes        : 8
 Total Traceable Variables  : 8
 Total Scalar Nets and Variables : 374
Total Line Count : 12

 Total Simulation Time: 0.13 sec

 Current Memory Usage: 299.024 Meg

Fri May  9 16:41:41 2025

